<?xml version="1.0" encoding="UTF-8"?>
<!-- Generated by org.testng.reporters.JUnitReportReporter -->
<testsuite hostname="DESKTOP-U3JHEJI" failures="0" tests="1" name="com.automacao.test.paranabanco.desafio.Api.DesafioPost" time="5.950" errors="0" timestamp="2022-06-14T15:29:40 BRT" skipped="0">
  <testcase classname="com.automacao.test.paranabanco.desafio.Api.DesafioPost" name="post" time="5.950"/>
  <system-out/>
</testsuite> <!-- com.automacao.test.paranabanco.desafio.Api.DesafioPost -->
