<?xml version="1.0" encoding="UTF-8"?>
<!-- Generated by org.testng.reporters.JUnitReportReporter -->
<testsuite hostname="DESKTOP-U3JHEJI" failures="0" tests="1" name="com.automacao.test.paranabanco.desafio.Api.DesafioApi" time="8.621" errors="0" timestamp="2022-06-14T13:11:10 BRT" skipped="0">
  <testcase classname="com.automacao.test.paranabanco.desafio.Api.DesafioApi" name="Get" time="8.621"/>
  <system-out/>
</testsuite> <!-- com.automacao.test.paranabanco.desafio.Api.DesafioApi -->
