<?xml version="1.0" encoding="UTF-8"?>
<!-- Generated by org.testng.reporters.JUnitReportReporter -->
<testsuite hostname="DESKTOP-U3JHEJI" failures="0" tests="3" name="com.automacao.test.paranabanco.desafio.Api.Apitest" time="5.538" errors="0" timestamp="2022-06-14T19:35:31 BRT" skipped="0">
  <testcase classname="com.automacao.test.paranabanco.desafio.Api.Apitest" name="get" time="4.726"/>
  <system-out/>
  <testcase classname="com.automacao.test.paranabanco.desafio.Api.Apitest" name="postePut" time="0.420"/>
  <system-out/>
  <testcase classname="com.automacao.test.paranabanco.desafio.Api.Apitest" name="delete" time="0.392"/>
  <system-out/>
</testsuite> <!-- com.automacao.test.paranabanco.desafio.Api.Apitest -->
