<?xml version="1.0" encoding="UTF-8"?>
<!-- Generated by org.testng.reporters.JUnitReportReporter -->
<testsuite hostname="DESKTOP-U3JHEJI" failures="0" tests="13" name="com.automacao.test.paranabanco.desafio.Desafio" time="3.404" errors="0" timestamp="2022-06-14T19:35:31 BRT" skipped="0">
  <testcase classname="com.automacao.test.paranabanco.desafio.Desafio" name="accessandoSite" time="0.203"/>
  <system-out/>
  <testcase classname="com.automacao.test.paranabanco.desafio.Desafio" name="botaoAzul" time="0.609"/>
  <system-out/>
  <testcase classname="com.automacao.test.paranabanco.desafio.Desafio" name="botaoVermelha" time="0.522"/>
  <system-out/>
  <testcase classname="com.automacao.test.paranabanco.desafio.Desafio" name="botaoVerde" time="0.510"/>
  <system-out/>
  <testcase classname="com.automacao.test.paranabanco.desafio.Desafio" name="clicandoNaBotaoEditDeleteUm" time="0.173"/>
  <system-out/>
  <testcase classname="com.automacao.test.paranabanco.desafio.Desafio" name="clicandoNaBotaoEditDeleteDois" time="0.167"/>
  <system-out/>
  <testcase classname="com.automacao.test.paranabanco.desafio.Desafio" name="clicandoNaBotaoEditDeleteTres" time="0.171"/>
  <system-out/>
  <testcase classname="com.automacao.test.paranabanco.desafio.Desafio" name="clicandoNaBotaoEditDeleteQuatro" time="0.164"/>
  <system-out/>
  <testcase classname="com.automacao.test.paranabanco.desafio.Desafio" name="clicandoNaBotaoEditDeleteCinco" time="0.162"/>
  <system-out/>
  <testcase classname="com.automacao.test.paranabanco.desafio.Desafio" name="clicandoNaBotaoEditDeleteSeis" time="0.224"/>
  <system-out/>
  <testcase classname="com.automacao.test.paranabanco.desafio.Desafio" name="clicandoNaBotaoEditDeleteSete" time="0.172"/>
  <system-out/>
  <testcase classname="com.automacao.test.paranabanco.desafio.Desafio" name="clicandoNaBotaoEditDeleteOite" time="0.164"/>
  <system-out/>
  <testcase classname="com.automacao.test.paranabanco.desafio.Desafio" name="clicandoNaBotaoEditDeleteNove" time="0.163"/>
  <system-out/>
</testsuite> <!-- com.automacao.test.paranabanco.desafio.Desafio -->
